{"uuid":"106c4eb8-6df6-477a-bb22-d34b15091e50","historyId":"6296a84825df6202814e7c93b4844ce4","fullName":"App.firstTest.FirstTest.choosePreference","labels":[{"name":"package","value":"App.firstTest.FirstTest"},{"name":"testClass","value":"App.firstTest.FirstTest"},{"name":"testMethod","value":"choosePreference"},{"name":"parentSuite","value":"Default Suite"},{"name":"suite","value":"Frame"},{"name":"subSuite","value":"App.firstTest.FirstTest"},{"name":"host","value":"ziko"},{"name":"thread","value":"25124@ziko.main(1)"},{"name":"framework","value":"testng"},{"name":"language","value":"java"}],"links":[],"name":"choosePreference","status":"skipped","statusDetails":{"known":false,"muted":false,"flaky":false,"message":"Could not start a new session. Response code 500. Message: An unknown server-side error occurred while processing the command. Original error: Error executing adbExec. Original error: 'Command 'C:\\\\Users\\\\20112\\\\AppData\\\\Local\\\\Android\\\\Sdk\\\\platform-tools\\\\adb.exe -P 5037 -s emulator-5554 install D:\\\\TESTING\\\\appium\\\\AppiumFrameworkDesign\\\\Frame\\\\src\\\\main\\\\Application\\\\ApiDemos-debug.apk' exited with code 1'; Command output: adb: failed to install D:\\TESTING\\appium\\AppiumFrameworkDesign\\Frame\\src\\main\\Application\\ApiDemos-debug.apk: Failure [INSTALL_FAILED_DEPRECATED_SDK_VERSION: App package must target at least SDK version 23, but found 19]\r\n \nHost info: host: 'ZIKO', ip: '192.168.1.18'\nBuild info: version: '4.11.0', revision: '040bc5406b'\nSystem info: os.name: 'Windows 10', os.arch: 'amd64', os.version: '10.0', java.version: '16.0.2'\nDriver info: io.appium.java_client.android.AndroidDriver\nCommand: [null, newSession {capabilities=[{appium:chromedriverExecutable=D:\\TESTING\\appium\\AppiumFrameworkDesign\\Frame\\src\\test\\resources\\chromedriver.exe, appium:deviceName=sdk_gphone64_x86_64, platformName=ANDROID, appium:automationName=UIAutomator2, appium:app=D:\\TESTING\\appium\\AppiumFrameworkDesign\\Frame\\src\\main\\Application\\ApiDemos-debug.apk, appium:platformVersion=14}], desiredCapabilities=Capabilities {appium:app: D:\\TESTING\\appium\\AppiumFra..., appium:automationName: UIAutomator2, appium:chromedriverExecutable: D:\\TESTING\\appium\\AppiumFra..., appium:deviceName: sdk_gphone64_x86_64, appium:platformVersion: 14, platformName: ANDROID}}]\nCapabilities {appium:app: D:\\TESTING\\appium\\AppiumFra..., appium:automationName: UIAutomator2, appium:chromedriverExecutable: D:\\TESTING\\appium\\AppiumFra..., appium:deviceName: sdk_gphone64_x86_64, appium:platformVersion: 14, platformName: ANDROID}","trace":"org.openqa.selenium.SessionNotCreatedException: Could not start a new session. Response code 500. Message: An unknown server-side error occurred while processing the command. Original error: Error executing adbExec. Original error: 'Command 'C:\\\\Users\\\\20112\\\\AppData\\\\Local\\\\Android\\\\Sdk\\\\platform-tools\\\\adb.exe -P 5037 -s emulator-5554 install D:\\\\TESTING\\\\appium\\\\AppiumFrameworkDesign\\\\Frame\\\\src\\\\main\\\\Application\\\\ApiDemos-debug.apk' exited with code 1'; Command output: adb: failed to install D:\\TESTING\\appium\\AppiumFrameworkDesign\\Frame\\src\\main\\Application\\ApiDemos-debug.apk: Failure [INSTALL_FAILED_DEPRECATED_SDK_VERSION: App package must target at least SDK version 23, but found 19]\r\n \nHost info: host: 'ZIKO', ip: '192.168.1.18'\nBuild info: version: '4.11.0', revision: '040bc5406b'\nSystem info: os.name: 'Windows 10', os.arch: 'amd64', os.version: '10.0', java.version: '16.0.2'\nDriver info: io.appium.java_client.android.AndroidDriver\nCommand: [null, newSession {capabilities=[{appium:chromedriverExecutable=D:\\TESTING\\appium\\AppiumFrameworkDesign\\Frame\\src\\test\\resources\\chromedriver.exe, appium:deviceName=sdk_gphone64_x86_64, platformName=ANDROID, appium:automationName=UIAutomator2, appium:app=D:\\TESTING\\appium\\AppiumFrameworkDesign\\Frame\\src\\main\\Application\\ApiDemos-debug.apk, appium:platformVersion=14}], desiredCapabilities=Capabilities {appium:app: D:\\TESTING\\appium\\AppiumFra..., appium:automationName: UIAutomator2, appium:chromedriverExecutable: D:\\TESTING\\appium\\AppiumFra..., appium:deviceName: sdk_gphone64_x86_64, appium:platformVersion: 14, platformName: ANDROID}}]\nCapabilities {appium:app: D:\\TESTING\\appium\\AppiumFra..., appium:automationName: UIAutomator2, appium:chromedriverExecutable: D:\\TESTING\\appium\\AppiumFra..., appium:deviceName: sdk_gphone64_x86_64, appium:platformVersion: 14, platformName: ANDROID}\r\n\tat org.openqa.selenium.remote.ProtocolHandshake.createSession(ProtocolHandshake.java:140)\r\n\tat java.base/jdk.internal.reflect.NativeMethodAccessorImpl.invoke0(Native Method)\r\n\tat java.base/jdk.internal.reflect.NativeMethodAccessorImpl.invoke(NativeMethodAccessorImpl.java:78)\r\n\tat java.base/jdk.internal.reflect.DelegatingMethodAccessorImpl.invoke(DelegatingMethodAccessorImpl.java:43)\r\n\tat java.base/java.lang.reflect.Method.invoke(Method.java:567)\r\n\tat io.appium.java_client.remote.AppiumProtocolHandshake.createSession(AppiumProtocolHandshake.java:133)\r\n\tat io.appium.java_client.remote.AppiumProtocolHandshake.createSession(AppiumProtocolHandshake.java:102)\r\n\tat io.appium.java_client.remote.AppiumCommandExecutor.createSession(AppiumCommandExecutor.java:182)\r\n\tat io.appium.java_client.remote.AppiumCommandExecutor.execute(AppiumCommandExecutor.java:250)\r\n\tat org.openqa.selenium.remote.RemoteWebDriver.execute(RemoteWebDriver.java:518)\r\n\tat io.appium.java_client.AppiumDriver.startSession(AppiumDriver.java:274)\r\n\tat org.openqa.selenium.remote.RemoteWebDriver.<init>(RemoteWebDriver.java:159)\r\n\tat io.appium.java_client.AppiumDriver.<init>(AppiumDriver.java:89)\r\n\tat io.appium.java_client.AppiumDriver.<init>(AppiumDriver.java:101)\r\n\tat io.appium.java_client.android.AndroidDriver.<init>(AndroidDriver.java:113)\r\n\tat App.base.AppiumLoad.setup(AppiumLoad.java:77)\r\n\tat java.base/jdk.internal.reflect.NativeMethodAccessorImpl.invoke0(Native Method)\r\n\tat java.base/jdk.internal.reflect.NativeMethodAccessorImpl.invoke(NativeMethodAccessorImpl.java:78)\r\n\tat java.base/jdk.internal.reflect.DelegatingMethodAccessorImpl.invoke(DelegatingMethodAccessorImpl.java:43)\r\n\tat java.base/java.lang.reflect.Method.invoke(Method.java:567)\r\n\tat org.testng.internal.invokers.MethodInvocationHelper.invokeMethod(MethodInvocationHelper.java:139)\r\n\tat org.testng.internal.invokers.MethodInvocationHelper.invokeMethodConsideringTimeout(MethodInvocationHelper.java:69)\r\n\tat org.testng.internal.invokers.ConfigInvoker.invokeConfigurationMethod(ConfigInvoker.java:361)\r\n\tat org.testng.internal.invokers.ConfigInvoker.invokeConfigurations(ConfigInvoker.java:296)\r\n\tat org.testng.SuiteRunner.privateRun(SuiteRunner.java:376)\r\n\tat org.testng.SuiteRunner.run(SuiteRunner.java:330)\r\n\tat org.testng.SuiteRunnerWorker.runSuite(SuiteRunnerWorker.java:52)\r\n\tat org.testng.SuiteRunnerWorker.run(SuiteRunnerWorker.java:95)\r\n\tat org.testng.TestNG.runSuitesSequentially(TestNG.java:1256)\r\n\tat org.testng.TestNG.runSuitesLocally(TestNG.java:1176)\r\n\tat org.testng.TestNG.runSuites(TestNG.java:1099)\r\n\tat org.testng.TestNG.run(TestNG.java:1067)\r\n\tat com.intellij.rt.testng.IDEARemoteTestNG.run(IDEARemoteTestNG.java:66)\r\n\tat com.intellij.rt.testng.RemoteTestNGStarter.main(RemoteTestNGStarter.java:105)\r\n"},"stage":"finished","steps":[],"attachments":[],"parameters":[],"start":1693324305211,"stop":1693324305212}